"D:/Gamejam/Gamejam2020/Content/Assets/SimpleSpace/Textures/T_SimpleSpace.uasset" 0
"D:/Gamejam/Gamejam2020/Content/Assets/SimpleSpace/Materials/Mat_SimpleSpace.uasset" 1
"D:/Gamejam/Gamejam2020/Content/Assets/MergedAccess/SM_MERGED_SM_Prop_WireFence_35.uasset" 2
"D:/Gamejam/Gamejam2020/Content/Assets/Puzzles/Cog_Insert.uasset" 3
"D:/Gamejam/Gamejam2020/Content/Assets/Puzzles/PickupActorInterface.uasset" 4
"../../../Engine/Content/Animation/DefaultAnimBoneCompressionSettings.uasset" 5
"D:/Gamejam/Gamejam2020/Content/Assets/RocketHands/Mesh/SK_R_Hand_01_Skeleton.uasset" 6
"D:/Gamejam/Gamejam2020/Content/Assets/RocketHands/Anims/Anim_GrabStuck_01.uasset" 7
"D:/Gamejam/Gamejam2020/Content/Assets/RocketHands/Anims/Anim_GrabStuckOpenLid_01.uasset" 8
"D:/Gamejam/Gamejam2020/Content/Assets/RocketHands/Anims/Anim_idle_01.uasset" 9
"D:/Gamejam/Gamejam2020/Content/Assets/RocketHands/Anims/Anim_OpenLidStuck_01.uasset" 10
"D:/Gamejam/Gamejam2020/Content/Assets/RocketHands/Anims/RHBlendSpace.uasset" 11
"D:/Gamejam/Gamejam2020/Content/VirtualReality/Mannequin/Character/Mesh/MannequinHand_Right_Skeleton.uasset" 12
"D:/Gamejam/Gamejam2020/Content/VirtualReality/Mannequin/Animations/MannequinHand_Right_CanGrab.uasset" 13
"D:/Gamejam/Gamejam2020/Content/VirtualReality/Mannequin/Animations/MannequinHand_Right_Grab.uasset" 14
"D:/Gamejam/Gamejam2020/Content/VirtualReality/Mannequin/Animations/MannequinHand_Right_Open.uasset" 15
"D:/Gamejam/Gamejam2020/Content/VirtualReality/Mannequin/Animations/RightGrip_BS.uasset" 16
"D:/Gamejam/Gamejam2020/Content/VirtualRealityBP/Blueprints/GripEnum.uasset" 17
"D:/Gamejam/Gamejam2020/Content/VirtualReality/Mannequin/Animations/RightHand_AnimBP.uasset" 18
"../../../Engine/Content/EditorBlueprintResources/StandardMacros.uasset" 19
"D:/Gamejam/Gamejam2020/Content/VirtualRealityBP/Blueprints/PickupActorInterface.uasset" 20
"D:/Gamejam/Gamejam2020/Content/VirtualRealityBP/Blueprints/MotionControllerHaptics.uasset" 21
"../../../Engine/Content/Functions/Engine_MaterialFunctions02/Utility/BreakOutFloat2Components.uasset" 22
"../../../Engine/Content/Functions/Engine_MaterialFunctions01/Texturing/ScaleUVsByCenter.uasset" 23
"../../../Engine/Content/Functions/Engine_MaterialFunctions02/ScreenResolution.uasset" 24
"../../../Engine/Content/Functions/Engine_MaterialFunctions02/Texturing/ScreenAlignedUVs.uasset" 25
"../../../Engine/Content/Functions/Engine_MaterialFunctions02/Utility/CameraDirectionVector.uasset" 26
"../../../Engine/Content/Functions/Engine_MaterialFunctions02/Utility/DepthFromWorldPosition.uasset" 27
"D:/Gamejam/Gamejam2020/Content/VirtualReality/Materials/MF_OccludedPixels.uasset" 28
"D:/Gamejam/Gamejam2020/Content/VirtualReality/Materials/TeleportMCP.uasset" 29
"../../../Engine/Content/EngineMaterials/Good64x64TilingNoiseHighFreq.uasset" 30
"D:/Gamejam/Gamejam2020/Content/VirtualReality/Materials/M_ArcEndpoint.uasset" 31
"D:/Gamejam/Gamejam2020/Content/VirtualReality/Materials/M_SplineArcMat.uasset" 32
"D:/Gamejam/Gamejam2020/Content/VirtualReality/Materials/M_TeleportPreviews.uasset" 33
"D:/Gamejam/Gamejam2020/Content/VirtualReality/Materials/MI_ChaperoneOutline.uasset" 34
"D:/Gamejam/Gamejam2020/Content/VirtualReality/Materials/MI_TeleportCylinderPreview.uasset" 35
"../../../Engine/Content/Functions/Engine_MaterialFunctions01/Opacity/CameraDepthFade.uasset" 36
"../../../Engine/Content/EngineMaterials/T_Default_Material_Grid_M.uasset" 37
"../../../Engine/Content/EngineMaterials/T_Default_Material_Grid_N.uasset" 38
"../../../Engine/Content/EngineMaterials/DefaultMaterial.uasset" 39
"../../../Engine/Content/BasicShapes/Cylinder.uasset" 40
"../../../Engine/Content/BasicShapes/Sphere.uasset" 41
"D:/Gamejam/Gamejam2020/Content/VirtualReality/Mannequin/Character/Textures/UE4_Mannequin__normals.uasset" 42
"D:/Gamejam/Gamejam2020/Content/VirtualReality/Mannequin/Character/Textures/UE4_Mannequin_MAT_MASKA.uasset" 43
"D:/Gamejam/Gamejam2020/Content/VirtualReality/Mannequin/Character/Materials/M_HandMat.uasset" 44
"D:/Gamejam/Gamejam2020/Content/VirtualReality/Mannequin/Character/Mesh/MannequinHand_Right_PhysicsAsset.uasset" 45
"D:/Gamejam/Gamejam2020/Content/VirtualReality/Mannequin/Character/Mesh/MannequinHand_Right.uasset" 46
"../../../Engine/Content/EngineMaterials/WorldGridMaterial.uasset" 47
"D:/Gamejam/Gamejam2020/Content/VirtualReality/Meshes/1x1_cube.uasset" 48
"D:/Gamejam/Gamejam2020/Content/VirtualReality/Meshes/BeaconDirection.uasset" 49
"D:/Gamejam/Gamejam2020/Content/VirtualReality/Meshes/BeamMesh.uasset" 50
"D:/Gamejam/Gamejam2020/Content/VirtualReality/Meshes/SM_FatCylinder.uasset" 51
"D:/Gamejam/Gamejam2020/Content/VirtualRealityBP/Blueprints/BP_MotionController.uasset" 52
"D:/Gamejam/Gamejam2020/Content/Assets/RocketHands/Anims/RHAnimBP.uasset" 53
"D:/Gamejam/Gamejam2020/Content/Assets/RocketHands/Mesh/SK_L_Hand_01_PhysicsAsset.uasset" 54
"D:/Gamejam/Gamejam2020/Content/Assets/RocketHands/Mesh/SK_L_Hand_01.uasset" 55
"D:/Gamejam/Gamejam2020/Content/Assets/RocketHands/RHMotionController.uasset" 56
"D:/Gamejam/Gamejam2020/Content/Assets/RocketHands/RHMotionControllerPawn.uasset" 57
"D:/Gamejam/Gamejam2020/Content/Assets/RocketHands/MotionControllerRocketHandsPawn.uasset" 58
"D:/Gamejam/Gamejam2020/Content/Assets/RocketHands/RHMotionControllerPawn_Oskar.uasset" 59
"D:/Gamejam/Gamejam2020/Content/Assets/RocketHands/Anims/Anim_Grab_01.uasset" 60
"D:/Gamejam/Gamejam2020/Content/Assets/RocketHands/Anims/Anim_OpenLid_01.uasset" 61
"D:/Gamejam/Gamejam2020/Content/Assets/RocketHands/Mesh/SK_R_Hand_01_PhysicsAsset.uasset" 62
"D:/Gamejam/Gamejam2020/Content/Assets/RocketHands/Mesh/SK_R_Hand_01.uasset" 63
"D:/Gamejam/Gamejam2020/Content/Assets/SimpleSpace/Maps/Demo_BuiltData.uasset" 64
"D:/Gamejam/Gamejam2020/Content/Assets/SimpleSpace/Meshes/Vehicles/SM_Veh_Rocket_01.uasset" 65
"D:/Gamejam/Gamejam2020/Content/Assets/SimpleSpace/Meshes/Vehicles/SM_Veh_Rocket_02.uasset" 66
"D:/Gamejam/Gamejam2020/Content/Assets/SimpleSpace/Meshes/Vehicles/SM_Veh_Rocket_03.uasset" 67
"D:/Gamejam/Gamejam2020/Content/Assets/SimpleSpace/Meshes/Vehicles/SM_Veh_Rocket_04.uasset" 68
"D:/Gamejam/Gamejam2020/Content/Assets/SimpleSpace/Meshes/Vehicles/SM_Veh_Rocket_05.uasset" 69
"D:/Gamejam/Gamejam2020/Content/Assets/SimpleSpace/Meshes/Vehicles/SM_Veh_Rocket_06.uasset" 70
"D:/Gamejam/Gamejam2020/Content/Assets/SimpleSpace/Meshes/Vehicles/SM_Veh_Rocket_07.uasset" 71
"D:/Gamejam/Gamejam2020/Content/Assets/SimpleSpace/Meshes/Vehicles/SM_Veh_Rocket_08.uasset" 72
"D:/Gamejam/Gamejam2020/Content/Assets/SimpleSpace/Meshes/Vehicles/SM_Veh_Rocket_09.uasset" 73
"D:/Gamejam/Gamejam2020/Content/Assets/SimpleSpace/Meshes/Vehicles/SM_Veh_Rocket_10.uasset" 74
"D:/Gamejam/Gamejam2020/Content/Assets/SimpleSpace/Meshes/Vehicles/SM_Veh_Rocket_11.uasset" 75
"D:/Gamejam/Gamejam2020/Content/Assets/SimpleSpace/Meshes/Vehicles/SM_Veh_Rocket_12.uasset" 76
"D:/Gamejam/Gamejam2020/Content/Assets/SimpleSpace/Meshes/Vehicles/SM_Veh_Rocket_13.uasset" 77
"D:/Gamejam/Gamejam2020/Content/Assets/SimpleSpace/Meshes/Vehicles/SM_Veh_Rocket_14.uasset" 78
"D:/Gamejam/Gamejam2020/Content/Assets/SimpleSpace/Meshes/Vehicles/SM_Veh_Rocket_15.uasset" 79
"D:/Gamejam/Gamejam2020/Content/Assets/SimpleSpace/Meshes/Vehicles/SM_Veh_Rocket_16.uasset" 80
"D:/Gamejam/Gamejam2020/Content/Assets/SimpleSpace/Meshes/Vehicles/SM_Veh_Rocket_17.uasset" 81
"D:/Gamejam/Gamejam2020/Content/Assets/SimpleSpace/Meshes/Vehicles/SM_Veh_Rocket_18.uasset" 82
"D:/Gamejam/Gamejam2020/Content/Assets/SimpleSpace/Meshes/Vehicles/SM_Veh_Rocket_19.uasset" 83
"D:/Gamejam/Gamejam2020/Content/Assets/SimpleSpace/Meshes/Vehicles/SM_Veh_Rocket_20.uasset" 84
"D:/Gamejam/Gamejam2020/Content/Geometry/Meshes/CubeMaterial.uasset" 85
"D:/Gamejam/Gamejam2020/Content/Geometry/Meshes/1M_Cube_Chamfer.uasset" 86
"D:/Gamejam/Gamejam2020/Content/Geometry/Meshes/TemplateFloor.uasset" 87
"D:/Gamejam/Gamejam2020/Content/StarterContent/Materials/M_Basic_Wall.uasset" 88
"D:/Gamejam/Gamejam2020/Content/StarterContent/Architecture/Pillar_50x500.uasset" 89
"D:/Gamejam/Gamejam2020/Content/StarterContent/Architecture/Wall_400x300.uasset" 90
"D:/Gamejam/Gamejam2020/Content/StarterContent/Architecture/Wall_400x400.uasset" 91
"D:/Gamejam/Gamejam2020/Content/StarterContent/Architecture/Wall_500x500.uasset" 92
"D:/Gamejam/Gamejam2020/Content/StarterContent/Architecture/Wall_Door_400x400.uasset" 93
"D:/Gamejam/Gamejam2020/Content/StarterContent/Architecture/Wall_Window_400x400.uasset" 94
"D:/Gamejam/Gamejam2020/Content/StarterContent/Audio/Collapse01.uasset" 95
"D:/Gamejam/Gamejam2020/Content/StarterContent/Audio/Collapse02.uasset" 96
"D:/Gamejam/Gamejam2020/Content/StarterContent/Audio/Explosion01.uasset" 97
"D:/Gamejam/Gamejam2020/Content/StarterContent/Audio/Explosion02.uasset" 98
"D:/Gamejam/Gamejam2020/Content/StarterContent/Audio/Fire01.uasset" 99
"D:/Gamejam/Gamejam2020/Content/StarterContent/Audio/Fire_Sparks01.uasset" 100
"D:/Gamejam/Gamejam2020/Content/StarterContent/Audio/Light01.uasset" 101
"D:/Gamejam/Gamejam2020/Content/StarterContent/Audio/Light01_Cue.uasset" 102
"D:/Gamejam/Gamejam2020/Content/StarterContent/Audio/Light02.uasset" 103
"D:/Gamejam/Gamejam2020/Content/StarterContent/Audio/Light02_Cue.uasset" 104
"D:/Gamejam/Gamejam2020/Content/StarterContent/Audio/Smoke01.uasset" 105
"D:/Gamejam/Gamejam2020/Content/StarterContent/Audio/Starter_Birds01.uasset" 106
"D:/Gamejam/Gamejam2020/Content/StarterContent/Audio/Starter_Music01.uasset" 107
"D:/Gamejam/Gamejam2020/Content/StarterContent/Audio/Starter_Wind05.uasset" 108
"D:/Gamejam/Gamejam2020/Content/StarterContent/Audio/Starter_Wind06.uasset" 109
"D:/Gamejam/Gamejam2020/Content/StarterContent/Audio/Steam01.uasset" 110
"D:/Gamejam/Gamejam2020/Content/StarterContent/Audio/Explosion_Cue.uasset" 111
"D:/Gamejam/Gamejam2020/Content/StarterContent/Textures/T_Burst_M.uasset" 112
"D:/Gamejam/Gamejam2020/Content/StarterContent/Particles/Materials/M_Burst.uasset" 113
"D:/Gamejam/Gamejam2020/Content/StarterContent/Textures/T_Explosion_SubUV.uasset" 114
"D:/Gamejam/Gamejam2020/Content/StarterContent/Particles/Materials/M_explosion_subUV.uasset" 115
"D:/Gamejam/Gamejam2020/Content/StarterContent/Particles/Materials/m_flare_01.uasset" 116
"../../../Engine/Content/Functions/Engine_MaterialFunctions01/Gradient/RadialGradient.uasset" 117
"D:/Gamejam/Gamejam2020/Content/StarterContent/Particles/Materials/M_radial_ramp.uasset" 118
"D:/Gamejam/Gamejam2020/Content/StarterContent/Textures/T_Smoke_SubUV.uasset" 119
"D:/Gamejam/Gamejam2020/Content/StarterContent/Textures/T_Smoke_Tiled_D.uasset" 120
"D:/Gamejam/Gamejam2020/Content/StarterContent/Particles/Materials/M_smoke_subUV.uasset" 121
"D:/Gamejam/Gamejam2020/Content/StarterContent/Particles/P_Explosion.uasset" 122
"D:/Gamejam/Gamejam2020/Content/StarterContent/Blueprints/Blueprint_Effect_Explosion.uasset" 123
"../../../Engine/Content/EditorMeshes/ColorCalibrator/T_ColorGrid.uasset" 124
"D:/Gamejam/Gamejam2020/Content/StarterContent/Materials/M_ColorGrid_LowSpec.uasset" 125
"D:/Gamejam/Gamejam2020/Content/StarterContent/Textures/T_Bush_D.uasset" 126
"D:/Gamejam/Gamejam2020/Content/StarterContent/Textures/T_Bush_N.uasset" 127
"D:/Gamejam/Gamejam2020/Content/StarterContent/Props/Materials/M_Bush.uasset" 128
"D:/Gamejam/Gamejam2020/Content/StarterContent/Props/SM_Bush.uasset" 129
"D:/Gamejam/Gamejam2020/Content/StarterContent/Textures/T_Chair_M.uasset" 130
"D:/Gamejam/Gamejam2020/Content/StarterContent/Textures/T_Chair_N.uasset" 131
"D:/Gamejam/Gamejam2020/Content/StarterContent/Props/Materials/M_Chair.uasset" 132
"D:/Gamejam/Gamejam2020/Content/StarterContent/Props/SM_Couch.uasset" 133
"D:/Gamejam/Gamejam2020/Content/StarterContent/Materials/M_Glass.uasset" 134
"D:/Gamejam/Gamejam2020/Content/StarterContent/Textures/T_Door_M.uasset" 135
"D:/Gamejam/Gamejam2020/Content/StarterContent/Textures/T_Door_N.uasset" 136
"D:/Gamejam/Gamejam2020/Content/StarterContent/Props/Materials/M_Door.uasset" 137
"D:/Gamejam/Gamejam2020/Content/StarterContent/Props/SM_Door.uasset" 138
"D:/Gamejam/Gamejam2020/Content/StarterContent/Props/Materials/M_MaterialSphere.uasset" 139
"D:/Gamejam/Gamejam2020/Content/StarterContent/Props/Materials/M_MaterialSphere_Plain.uasset" 140
"D:/Gamejam/Gamejam2020/Content/StarterContent/Props/SM_MatPreviewMesh_02.uasset" 141
"../../../Engine/Content/Functions/Engine_MaterialFunctions02/Utility/BlendAngleCorrectedNormals.uasset" 142
"D:/Gamejam/Gamejam2020/Content/StarterContent/Textures/T_Detail_Rocky_N.uasset" 143
"D:/Gamejam/Gamejam2020/Content/StarterContent/Textures/T_Rock_Basalt_D.uasset" 144
"D:/Gamejam/Gamejam2020/Content/StarterContent/Textures/T_RockMesh_M.uasset" 145
"D:/Gamejam/Gamejam2020/Content/StarterContent/Textures/T_RockMesh_N.uasset" 146
"D:/Gamejam/Gamejam2020/Content/StarterContent/Props/Materials/M_Rock.uasset" 147
"D:/Gamejam/Gamejam2020/Content/StarterContent/Props/SM_Rock.uasset" 148
"D:/Gamejam/Gamejam2020/Content/StarterContent/Textures/T_Shelf_M.uasset" 149
"D:/Gamejam/Gamejam2020/Content/StarterContent/Textures/T_Shelf_N.uasset" 150
"D:/Gamejam/Gamejam2020/Content/StarterContent/Props/Materials/M_Shelf.uasset" 151
"D:/Gamejam/Gamejam2020/Content/StarterContent/Props/SM_Shelf.uasset" 152
"D:/Gamejam/Gamejam2020/Content/StarterContent/Materials/M_Basic_Floor.uasset" 153
"D:/Gamejam/Gamejam2020/Content/StarterContent/Props/SM_Stairs.uasset" 154
"D:/Gamejam/Gamejam2020/Content/StarterContent/Shapes/Shape_Cone.uasset" 155
"D:/Gamejam/Gamejam2020/Content/StarterContent/Shapes/Shape_Cylinder.uasset" 156
"D:/Gamejam/Gamejam2020/Content/StarterContent/Shapes/Shape_NarrowCapsule.uasset" 157
"D:/Gamejam/Gamejam2020/Content/StarterContent/Shapes/Shape_Pipe.uasset" 158
"D:/Gamejam/Gamejam2020/Content/StarterContent/Shapes/Shape_Pipe_180.uasset" 159
"D:/Gamejam/Gamejam2020/Content/StarterContent/Shapes/Shape_Pipe_90.uasset" 160
"D:/Gamejam/Gamejam2020/Content/StarterContent/Shapes/Shape_Plane.uasset" 161
"D:/Gamejam/Gamejam2020/Content/StarterContent/Shapes/Shape_Torus.uasset" 162
"D:/Gamejam/Gamejam2020/Content/StarterContent/Shapes/Shape_Trim.uasset" 163
"D:/Gamejam/Gamejam2020/Content/StarterContent/Shapes/Shape_Trim_90_In.uasset" 164
"D:/Gamejam/Gamejam2020/Content/StarterContent/Shapes/Shape_Trim_90_Out.uasset" 165
"D:/Gamejam/Gamejam2020/Content/StarterContent/Shapes/Shape_TriPyramid.uasset" 166
"D:/Gamejam/Gamejam2020/Content/StarterContent/Shapes/Shape_Tube.uasset" 167
"D:/Gamejam/Gamejam2020/Content/StarterContent/Shapes/Shape_Wedge_A.uasset" 168
"D:/Gamejam/Gamejam2020/Content/StarterContent/Shapes/Shape_Wedge_B.uasset" 169
"D:/Gamejam/Gamejam2020/Content/StarterContent/Shapes/Shape_WideCapsule.uasset" 170
"../../../Engine/Content/Animation/DefaultAnimCurveCompressionSettings.uasset" 171
"../../../Engine/Content/ArtTools/RenderToTexture/Meshes/S_1_Unit_Plane.uasset" 172
"../../../Engine/Content/BasicShapes/Plane.uasset" 173
"../../../Engine/Content/EditorLandscapeResources/DataLayer.uasset" 174
"../../../Engine/Content/EditorMaterials/MAT_Groups_Toggle.uasset" 175
"../../../Engine/Content/EditorMaterials/MAT_Groups_Visibility.uasset" 176
"../../../Engine/Content/EditorMaterials/PreviewShadowIndicator.uasset" 177
"../../../Engine/Content/EditorMaterials/PreviewShadowIndicatorMaterial.uasset" 178
"../../../Engine/Content/EditorMaterials/MatineeGroups/MAT_ColorTrack.uasset" 179
"../../../Engine/Content/EditorMaterials/MatineeGroups/MAT_Groups_Anim.uasset" 180
"../../../Engine/Content/EditorMaterials/MatineeGroups/MAT_Groups_AudioMaster.uasset" 181
"../../../Engine/Content/EditorMaterials/MatineeGroups/MAT_Groups_Director.uasset" 182
"../../../Engine/Content/EditorMaterials/MatineeGroups/MAT_Groups_Event.uasset" 183
"../../../Engine/Content/EditorMaterials/MatineeGroups/MAT_Groups_Fade.uasset" 184
"../../../Engine/Content/EditorMaterials/MatineeGroups/MAT_Groups_Float.uasset" 185
"../../../Engine/Content/EditorMaterials/MatineeGroups/MAT_Groups_Move.uasset" 186
"../../../Engine/Content/EditorMaterials/MatineeGroups/MAT_Groups_Slomo.uasset" 187
"../../../Engine/Content/EditorMaterials/MatineeGroups/MAT_Groups_Sound.uasset" 188
"../../../Engine/Content/EditorMaterials/MatineeGroups/MAT_Groups_Vector.uasset" 189
"../../../Engine/Content/EditorMaterials/ParticleSystems/PSysThumbnail_NoImage.uasset" 190
"../../../Engine/Content/EditorMaterials/ParticleSystems/PSysThumbnail_OOD.uasset" 191
"../../../Engine/Content/EditorMaterials/Camera/CineMat.uasset" 192
"../../../Engine/Content/EditorMaterials/Camera/MI_CineMat_Rig.uasset" 193
"../../../Engine/Content/EditorMeshes/Camera/SM_CraneRig_Arm.uasset" 194
"../../../Engine/Content/EditorMeshes/Camera/SM_CraneRig_Base.uasset" 195
"../../../Engine/Content/EditorMeshes/Camera/SM_CraneRig_Body.uasset" 196
"../../../Engine/Content/EditorMeshes/Camera/SM_CraneRig_Mount.uasset" 197
"../../../Engine/Content/EditorMeshes/Camera/SM_RailRig_Mount.uasset" 198
"../../../Engine/Content/EditorMeshes/Camera/SM_RailRig_Track.uasset" 199
"../../../Engine/Content/EditorResources/BSPVertex.uasset" 200
"../../../Engine/Content/EditorResources/EmptyActor.uasset" 201
"../../../Engine/Content/EditorResources/S_Actor.uasset" 202
"../../../Engine/Content/EditorResources/S_Note.uasset" 203
"../../../Engine/Content/EditorResources/S_Solver.uasset" 204
"../../../Engine/Content/EditorResources/S_Trigger.uasset" 205
"../../../Engine/Content/EditorResources/AudioIcons/S_AudioComponent.uasset" 206
"../../../Engine/Content/EditorResources/AudioIcons/S_AudioComponent_AutoActivate.uasset" 207
"../../../Engine/Content/EditorResources/LightIcons/S_LightError.uasset" 208
"../../../Engine/Content/EditorResources/SequenceRecorder/Countdown.uasset" 209
"../../../Engine/Content/EditorResources/SequenceRecorder/RecordingIndicator.uasset" 210
"../../../Engine/Content/EditorSounds/Notifications/CompileFailed.uasset" 211
"../../../Engine/Content/EditorSounds/Notifications/CompileFailed_Cue.uasset" 212
"../../../Engine/Content/EditorSounds/Notifications/CompileSuccess.uasset" 213
"../../../Engine/Content/EditorSounds/Notifications/CompileStart_Cue.uasset" 214
"../../../Engine/Content/EditorSounds/Notifications/CompileSuccess_Cue.uasset" 215
"../../../Engine/Content/EngineDamageTypes/DmgTypeBP_Environmental.uasset" 216
"../../../Engine/Content/EngineDebugMaterials/DebugEditorMaterial.uasset" 217
"../../../Engine/Content/EngineDebugMaterials/DebugMeshMaterial.uasset" 218
"../../../Engine/Content/EngineDebugMaterials/M_SimpleUnlitTranslucent.uasset" 219
"../../../Engine/Content/EngineDebugMaterials/VolumeToRender.uasset" 220
"../../../Engine/Content/EngineDebugMaterials/M_VolumeRenderSphereTracePP.uasset" 221
"../../../Engine/Content/EngineDebugMaterials/WireframeMaterial.uasset" 222
"../../../Engine/Content/EngineFonts/Faces/DroidSansFallback.uasset" 223
"../../../Engine/Content/EngineFonts/Faces/RobotoBold.uasset" 224
"../../../Engine/Content/EngineFonts/Faces/RobotoBoldItalic.uasset" 225
"../../../Engine/Content/EngineFonts/Faces/RobotoItalic.uasset" 226
"../../../Engine/Content/EngineFonts/Faces/RobotoLight.uasset" 227
"../../../Engine/Content/EngineFonts/Faces/RobotoRegular.uasset" 228
"../../../Engine/Content/EngineFonts/Roboto.uasset" 229
"../../../Engine/Content/EngineMaterials/BaseFlattenDiffuseMap.uasset" 230
"../../../Engine/Content/EngineMaterials/BaseFlattenEmissiveMap.uasset" 231
"../../../Engine/Content/EngineMaterials/BaseFlattenGrayscaleMap.uasset" 232
"../../../Engine/Content/EngineMaterials/BaseFlattenNormalMap.uasset" 233
"../../../Engine/Content/EngineMaterials/BaseFlattenMaterial.uasset" 234
"../../../Engine/Content/EngineMaterials/BlueNoise.uasset" 235
"../../../Engine/Content/EngineMaterials/DefaultBloomKernel.uasset" 236
"../../../Engine/Content/EngineMaterials/DefaultBokeh.uasset" 237
"../../../Engine/Content/EngineMaterials/DefaultDiffuse.uasset" 238
"../../../Engine/Content/EngineMaterials/DefaultDeferredDecalMaterial.uasset" 239
"../../../Engine/Content/EngineMaterials/DefaultLightFunctionMaterial.uasset" 240
"../../../Engine/Content/EngineMaterials/DefaultPostProcessMaterial.uasset" 241
"../../../Engine/Content/EngineFonts/RobotoDistanceField.uasset" 242
"../../../Engine/Content/EngineMaterials/DefaultTextMaterialOpaque.uasset" 243
"../../../Engine/Content/EngineMaterials/DefaultWhiteGrid.uasset" 244
"../../../Engine/Content/EngineMaterials/DefaultWhiteGrid_Low.uasset" 245
"../../../Engine/Content/EngineMaterials/EmissiveMeshMaterial.uasset" 246
"../../../Engine/Content/EngineMaterials/GizmoMaterial.uasset" 247
"../../../Engine/Content/EngineMaterials/MiniFont.uasset" 248
"../../../Engine/Content/EngineMaterials/InvalidLightmapSettings.uasset" 249
"../../../Engine/Content/EngineMaterials/M_InvalidLightmapSettings.uasset" 250
"../../../Engine/Content/Functions/Engine_MaterialFunctions02/WorldPositionOffset/CameraOffset.uasset" 251
"../../../Engine/Content/EngineMaterials/PhAT_JointLimitMaterial.uasset" 252
"../../../Engine/Content/EngineMaterials/PreintegratedSkinBRDF.uasset" 253
"../../../Engine/Content/EngineMaterials/RemoveSurfaceMaterial.uasset" 254
"../../../Engine/Content/EngineMaterials/WeightMapPlaceholderTexture.uasset" 255
"../../../Engine/Content/EngineResources/WhiteSquareTexture.uasset" 256
"../../../Engine/Content/EngineMaterials/Widget3DPassThrough.uasset" 257
"../../../Engine/Content/EngineMaterials/Widget3DPassThrough_Masked.uasset" 258
"../../../Engine/Content/EngineMaterials/Widget3DPassThrough_Opaque.uasset" 259
"../../../Engine/Content/EngineMaterials/Widget3DPassThrough_Masked_OneSided.uasset" 260
"../../../Engine/Content/EngineMaterials/Widget3DPassThrough_Opaque_OneSided.uasset" 261
"../../../Engine/Content/EngineMaterials/Widget3DPassThrough_Translucent.uasset" 262
"../../../Engine/Content/EngineMaterials/Widget3DPassThrough_Translucent_OneSided.uasset" 263
"../../../Engine/Content/EngineMeshes/Cylinder.uasset" 264
"../../../Engine/Content/EngineMeshes/Sphere.uasset" 265
"../../../Engine/Content/EngineResources/Black.uasset" 266
"../../../Engine/Content/EngineResources/DefaultTexture.uasset" 267
"../../../Engine/Content/EngineResources/DefaultTextureCube.uasset" 268
"../../../Engine/Content/EngineResources/DefaultVolumeTexture2D.uasset" 269
"../../../Engine/Content/EngineResources/DefaultVolumeTexture.uasset" 270
"../../../Engine/Content/EngineResources/GradientTexture0.uasset" 271
"../../../Engine/Content/EngineSounds/Master.uasset" 272
"../../../Engine/Content/Functions/Engine_MaterialFunctions01/Shading/ConvertFromDiffSpec.uasset" 273
"../../../Engine/Content/Functions/Engine_MaterialFunctions01/Shading/PowerToRoughness.uasset" 274
"../../../Engine/Content/Maps/Templates/Thumbnails/Default.uasset" 275
"../../../Engine/Content/Maps/Templates/Thumbnails/TimeOfDay.uasset" 276
"../../../Engine/Content/Maps/Templates/Thumbnails/VR-Basic.uasset" 277
"../../../Engine/Content/MobileResources/T_MobileControls_texture.uasset" 278
"../../../Engine/Content/MobileResources/T_MobileMenu2.uasset" 279
"../../../Engine/Content/MobileResources/HUD/AnalogHat.uasset" 280
"../../../Engine/Content/MobileResources/HUD/VirtualJoystick_Background.uasset" 281
"../../../Engine/Content/MobileResources/HUD/VirtualJoystick_Thumb.uasset" 282
"../../../Engine/Content/MobileResources/HUD/DefaultVirtualJoysticks.uasset" 283
"../../../Engine/Content/MobileResources/HUD/LeftVirtualJoystickOnly.uasset" 284
"../../../Engine/Content/MobileResources/HUD/MobileHUDButton1_off.uasset" 285
"../../../Engine/Content/MobileResources/HUD/MobileHUDButton1_on.uasset" 286
"../../../Engine/Content/MobileResources/HUD/MobileHUDButton2_off.uasset" 287
"../../../Engine/Content/MobileResources/HUD/MobileHUDButton2_on.uasset" 288
"../../../Engine/Content/MobileResources/HUD/MobileHUDButton3.uasset" 289
"../../../Engine/Content/MobileResources/HUD/MobileHUDButtonFire.uasset" 290
"../../../Engine/Content/MobileResources/HUD/MobileHUDDirectionPad.uasset" 291
"../../../Engine/Content/MobileResources/HUD/MobileHUDDirectionPad2.uasset" 292
"../../../Engine/Content/MobileResources/HUD/MobileHUDDirectionPad3.uasset" 293
"../../../Engine/Content/MobileResources/HUD/MobileHUDDirectionStick.uasset" 294
"../../../Engine/Content/MobileResources/HUD/T_Castle_ThumbstickInner.uasset" 295
"../../../Engine/Content/MobileResources/HUD/T_Castle_ThumbstickOutter.uasset" 296
"../../../Engine/Content/Tutorial/ContentIntroCurve.uasset" 297
"../../../Engine/Content/Tutorial/Basics/LevelEditorAttract.uasset" 298
"../../../Engine/Content/Tutorial/Landscape/TutorialAssets/Landscape.uasset" 299
"../../../Engine/Content/Tutorial/Landscape/LandscapeWalkThrough.uasset" 300
"../../../Engine/Content/Tutorial/Landscape/Landscape_Manage_Mode.uasset" 301
"../../../Engine/Content/Tutorial/Landscape/Landscape_Painting_Mode.uasset" 302
"../../../Engine/Content/Tutorial/Landscape/Landscape_Sculpt_Mode.uasset" 303
"../../../Engine/Content/VREditor/LaserPointer/VR_LaserPower_01.uasset" 304
"../../../Engine/Content/VREditor/TransformGizmo/TransformGizmoMaterial.uasset" 305
"../../../Engine/Content/VREditor/TransformGizmo/TranslucentTransformGizmoMaterial.uasset" 306
"../../../Engine/Content/VREditor/TransformGizmo/BoundingBoxCorner.uasset" 307
"../../../Engine/Content/VREditor/TransformGizmo/BoundingBoxEdge.uasset" 308
"../../../Engine/Content/VREditor/TransformGizmo/PlaneTranslationHandle.uasset" 309
"../../../Engine/Content/VREditor/TransformGizmo/Main.uasset" 310
"../../../Engine/Content/VREditor/TransformGizmo/Xray.uasset" 311
"../../../Engine/Content/VREditor/TransformGizmo/SM_Sequencer_Key.uasset" 312
"../../../Engine/Content/VREditor/TransformGizmo/SM_Sequencer_Node.uasset" 313
"../../Plugins/2D/Paper2D/Content/PlaceholderTextures/DummySpriteTexture.uasset" 314
"../../Plugins/2D/Paper2D/Content/DummySprite.uasset" 315
"../../Plugins/2D/Paper2D/Content/DefaultPaperTerrainMaterial.uasset" 316
"../../Plugins/2D/Paper2D/Content/DefaultSpriteMaterial.uasset" 317
"../../Plugins/2D/Paper2D/Content/MaskedUnlitSpriteMaterial.uasset" 318
"../../Plugins/2D/Paper2D/Content/OpaqueUnlitSpriteMaterial.uasset" 319
"../../Plugins/FX/Niagara/Content/Enums/ENiagaraBooleanLogicOps.uasset" 320
"../../Plugins/FX/Niagara/Content/Enums/ENiagaraCoordinateSpace.uasset" 321
"../../Plugins/FX/Niagara/Content/Enums/ENiagaraExpansionMode.uasset" 322
"../../Plugins/FX/Niagara/Content/Enums/ENiagaraOrientationAxis.uasset" 323
"../../Plugins/FX/Niagara/Content/Enums/ENiagaraRandomnessMode.uasset" 324
"../../../Engine/Content/Functions/Engine_MaterialFunctions02/Utility/BreakOutFloat4Components.uasset" 325
"../../../Engine/Content/Functions/Engine_MaterialFunctions02/Utility/MakeFloat2.uasset" 326
"../../../Engine/Content/Functions/Engine_MaterialFunctions02/Utility/MakeFloat3.uasset" 327
"../../Plugins/Runtime/Oculus/OculusVR/Content/Materials/OculusMR_ChromaKey.uasset" 328
"../../Plugins/Runtime/Oculus/OculusVR/Content/Materials/OculusMR_ChromaKey_Lit.uasset" 329
"../../Plugins/Runtime/Oculus/OculusVR/Content/Materials/OculusMR_OpaqueColoredMaterial.uasset" 330
"../../Plugins/Runtime/Oculus/OculusVR/Content/Materials/OculusMR_WhiteMaterial.uasset" 331
"../../../Engine/Content/EngineSky/C_Sky_Cloud_Color.uasset" 332
"../../../Engine/Content/EngineSky/C_Sky_Horizon_Color.uasset" 333
"../../../Engine/Content/EngineSky/C_Sky_Zenith_Color.uasset" 334
"../../../Engine/Content/EngineSky/T_Sky_Blue.uasset" 335
"../../../Engine/Content/EngineSky/T_Sky_Clouds_M.uasset" 336
"../../../Engine/Content/EngineSky/T_Sky_Stars.uasset" 337
"../../../Engine/Content/EngineSky/M_Sky_Panning_Clouds2.uasset" 338
"../../../Engine/Content/EngineSky/SM_SkySphere.uasset" 339
"../../../Engine/Content/EngineSky/BP_Sky_Sphere.uasset" 340
"D:/Gamejam/Gamejam2020/Content/Assets/Puzzles/SM_Cog_01.uasset" 341
"D:/Gamejam/Gamejam2020/Content/Assets/Puzzles/BP_PickupCog.uasset" 342
"D:/Gamejam/Gamejam2020/Content/Maps/Mars_LVL_BuiltData.uasset" 343
"D:/Gamejam/Gamejam2020/Content/Maps/Mars_LVL.umap" 344
"D:/Gamejam/Gamejam2020/Content/Maps/SubLevels/Daniel_BuiltData.uasset" 345
"D:/Gamejam/Gamejam2020/Content/Maps/SubLevels/Daniel.umap" 346
"D:/Gamejam/Gamejam2020/Content/Maps/SubLevels/Oskar_BuiltData.uasset" 347
"D:/Gamejam/Gamejam2020/Content/Maps/SubLevels/Oskar.umap" 348
"D:/Gamejam/Gamejam2020/Content/Maps/SubLevels/Pascal_BuiltData.uasset" 349
"D:/Gamejam/Gamejam2020/Content/Assets/Material/MAT_Cable_Glow.uasset" 350
"D:/Gamejam/Gamejam2020/Content/Assets/SimpleSpace/Materials/MM_Ground.uasset" 351
"D:/Gamejam/Gamejam2020/Content/Assets/SimpleSpace/Materials/MI_Ground.uasset" 352
"../../../Engine/Content/EngineMaterials/DefaultPhysicalMaterial.uasset" 353
"D:/Gamejam/Gamejam2020/Content/Assets/MergedAccess/SM_MERGED_SM_Crate_Stack.uasset" 354
"D:/Gamejam/Gamejam2020/Content/Assets/MergedAccess/SM_MERGED_SM_Damaged_Pad.uasset" 355
"D:/Gamejam/Gamejam2020/Content/Assets/MergedAccess/SM_MERGED_SM_Empty_Pad.uasset" 356
"D:/Gamejam/Gamejam2020/Content/Assets/MergedAccess/SM_MERGED_SM_Fence_Maze.uasset" 357
"D:/Gamejam/Gamejam2020/Content/Assets/MergedAccess/SM_MERGED_SM_Main_Base.uasset" 358
"D:/Gamejam/Gamejam2020/Content/Assets/MergedAccess/SM_MERGED_SM_Mini_Base.uasset" 359
"D:/Gamejam/Gamejam2020/Content/Assets/MergedAccess/SM_MERGED_SM_Mission_Control.uasset" 360
"D:/Gamejam/Gamejam2020/Content/Assets/MergedAccess/SM_MERGED_SM_Observatory.uasset" 361
"D:/Gamejam/Gamejam2020/Content/Assets/MergedAccess/SM_MERGED_SM_Pipe_Work.uasset" 362
"D:/Gamejam/Gamejam2020/Content/Assets/MergedAccess/SM_MERGED_SM_Props_Cog_Hide.uasset" 363
"D:/Gamejam/Gamejam2020/Content/Assets/MergedAccess/SM_MERGED_SM_Rocket_Pad.uasset" 364
"D:/Gamejam/Gamejam2020/Content/Assets/MergedAccess/SM_MERGED_SM_Rover_Bay.uasset" 365
"D:/Gamejam/Gamejam2020/Content/Assets/MergedAccess/SM_MERGED_SM_Solar_Panels.uasset" 366
"D:/Gamejam/Gamejam2020/Content/Assets/MergedAccess/SM_MERGED_SM_Spare_Parts.uasset" 367
"D:/Gamejam/Gamejam2020/Content/Assets/MergedAccess/SM_MERGED_SM_Warehouses.uasset" 368
"D:/Gamejam/Gamejam2020/Content/Assets/MergedAccess/SM_MERGED_SM_Work.uasset" 369
"D:/Gamejam/Gamejam2020/Content/Assets/Puzzles/SK_Lever_01.uasset" 370
"D:/Gamejam/Gamejam2020/Content/Assets/Puzzles/SM_CircuitBoard_01.uasset" 371
"D:/Gamejam/Gamejam2020/Content/Assets/Puzzles/SM_FuelRod_01.uasset" 372
"D:/Gamejam/Gamejam2020/Content/Assets/SimpleSpace/Meshes/Props/SM_Prop_Lightpole_01.uasset" 373
"D:/Gamejam/Gamejam2020/Content/Assets/SimpleSpace/Meshes/Props/SM_Prop_Pipes_01.uasset" 374
"D:/Gamejam/Gamejam2020/Content/Assets/SimpleSpace/Meshes/Props/SM_Prop_Powerbox_01.uasset" 375
"D:/Gamejam/Gamejam2020/Content/Assets/SimpleSpace/Meshes/Props/SM_Prop_Tether_01.uasset" 376
"D:/Gamejam/Gamejam2020/Content/Assets/SimpleSpace/Meshes/Props/SM_Prop_Tether_02.uasset" 377
"D:/Gamejam/Gamejam2020/Content/Assets/SimpleSpace/Meshes/Props/SM_Prop_Tether_03.uasset" 378
"D:/Gamejam/Gamejam2020/Content/Assets/SimpleSpace/Meshes/Rigged_Vehicles/SK_Veh_Buggy_01_PhysicsAsset.uasset" 379
"D:/Gamejam/Gamejam2020/Content/Assets/SimpleSpace/Meshes/Rigged_Vehicles/SK_Veh_Buggy_01_Skeleton.uasset" 380
"D:/Gamejam/Gamejam2020/Content/Assets/SimpleSpace/Meshes/Rigged_Vehicles/SK_Veh_Buggy_01.uasset" 381
"D:/Gamejam/Gamejam2020/Content/Assets/SimpleSpace/Meshes/Rigged_Vehicles/SK_Veh_Shuttle_01_PhysicsAsset.uasset" 382
"D:/Gamejam/Gamejam2020/Content/Assets/SimpleSpace/Meshes/Rigged_Vehicles/SK_Veh_Shuttle_01_Skeleton.uasset" 383
"D:/Gamejam/Gamejam2020/Content/Assets/SimpleSpace/Meshes/Rigged_Vehicles/SK_Veh_Shuttle_01.uasset" 384
"D:/Gamejam/Gamejam2020/Content/Assets/SimpleSpace/Meshes/Vehicles/SM_Veh_Rocket_Large_Stage_03.uasset" 385
"D:/Gamejam/Gamejam2020/Content/Assets/SimpleSpace/Meshes/Vehicles/SM_Veh_Rocket_Large_Tip_01.uasset" 386
"D:/Gamejam/Gamejam2020/Content/Assets/SimpleSpace/Meshes/Vehicles/SM_Veh_Rover_01.uasset" 387
"D:/Gamejam/Gamejam2020/Content/Assets/SimpleSpace/Meshes/Vehicles/SM_Veh_Rover_02.uasset" 388
"D:/Gamejam/Gamejam2020/Content/Maps/SubLevels/Pascal.umap" 389
"D:/Gamejam/Gamejam2020/Content/Maps/SubLevels/Tom_BuiltData.uasset" 390
"D:/Gamejam/Gamejam2020/Content/Maps/SubLevels/Tom.umap" 391
"D:/Gamejam/Gamejam2020/Content/Assets/SimpleSpace/Maps/Demonstration_BuiltData.uasset" 392
"D:/Gamejam/Gamejam2020/Content/Assets/SimpleSpace/Meshes/Buildings/SM_Bld_Bascamp_01.uasset" 393
"D:/Gamejam/Gamejam2020/Content/Assets/SimpleSpace/Meshes/Buildings/SM_Bld_Observatory_01.uasset" 394
"D:/Gamejam/Gamejam2020/Content/Assets/SimpleSpace/Meshes/Buildings/SM_Bld_Office_01.uasset" 395
"D:/Gamejam/Gamejam2020/Content/Assets/SimpleSpace/Meshes/Buildings/SM_Bld_Office_02.uasset" 396
"D:/Gamejam/Gamejam2020/Content/Assets/SimpleSpace/Meshes/Buildings/SM_Bld_RadarDish_01.uasset" 397
"D:/Gamejam/Gamejam2020/Content/Assets/SimpleSpace/Meshes/Buildings/SM_Bld_RadioTower_01.uasset" 398
"D:/Gamejam/Gamejam2020/Content/Assets/SimpleSpace/Meshes/Buildings/SM_Bld_ShuttleLaunchPad_02.uasset" 399
"D:/Gamejam/Gamejam2020/Content/Assets/SimpleSpace/Meshes/Buildings/SM_Bld_ShuttleLaunchTower_01.uasset" 400
"D:/Gamejam/Gamejam2020/Content/Assets/SimpleSpace/Meshes/Buildings/SM_Bld_ShuttleLaunchTower_02.uasset" 401
"D:/Gamejam/Gamejam2020/Content/Assets/SimpleSpace/Meshes/Buildings/SM_Bld_Tank_01.uasset" 402
"D:/Gamejam/Gamejam2020/Content/Assets/SimpleSpace/Meshes/Buildings/SM_Bld_Warehouse_01.uasset" 403
"D:/Gamejam/Gamejam2020/Content/Assets/SimpleSpace/Meshes/Environments/SM_Env_Crater_02.uasset" 404
"D:/Gamejam/Gamejam2020/Content/Assets/SimpleSpace/Meshes/Environments/SM_Env_Crater_03.uasset" 405
"D:/Gamejam/Gamejam2020/Content/Assets/SimpleSpace/Meshes/Environments/SM_Env_Crater_05.uasset" 406
"D:/Gamejam/Gamejam2020/Content/Assets/SimpleSpace/Meshes/Environments/SM_Env_Crater_06.uasset" 407
"D:/Gamejam/Gamejam2020/Content/Assets/SimpleSpace/Meshes/Environments/SM_Env_Ground_01.uasset" 408
"D:/Gamejam/Gamejam2020/Content/Assets/SimpleSpace/Meshes/Environments/SM_Env_Ground_02.uasset" 409
"D:/Gamejam/Gamejam2020/Content/Assets/SimpleSpace/Meshes/Environments/SM_Env_Ground_03.uasset" 410
"D:/Gamejam/Gamejam2020/Content/Assets/SimpleSpace/Meshes/Environments/SM_Env_Ground_04.uasset" 411
"D:/Gamejam/Gamejam2020/Content/Assets/SimpleSpace/Meshes/Environments/SM_Env_Hills_01.uasset" 412
"D:/Gamejam/Gamejam2020/Content/Assets/SimpleSpace/Meshes/Environments/SM_Env_Hills_02.uasset" 413
"D:/Gamejam/Gamejam2020/Content/Assets/SimpleSpace/Meshes/Environments/SM_Env_LaunchGround_01.uasset" 414
"D:/Gamejam/Gamejam2020/Content/Assets/SimpleSpace/Meshes/Environments/SM_Env_Rocks_03.uasset" 415
"D:/Gamejam/Gamejam2020/Content/Assets/SimpleSpace/Meshes/Props/SM_Prop_Beacon_01.uasset" 416
"D:/Gamejam/Gamejam2020/Content/Assets/SimpleSpace/Meshes/Props/SM_Prop_Crate_01.uasset" 417
"D:/Gamejam/Gamejam2020/Content/Assets/SimpleSpace/Meshes/Props/SM_Prop_Crate_02.uasset" 418
"D:/Gamejam/Gamejam2020/Content/Assets/SimpleSpace/Meshes/Props/SM_Prop_Crate_03.uasset" 419
"D:/Gamejam/Gamejam2020/Content/Assets/SimpleSpace/Meshes/Props/SM_Prop_Crate_04.uasset" 420
"D:/Gamejam/Gamejam2020/Content/Assets/SimpleSpace/Meshes/Props/SM_Prop_Fuelport_01.uasset" 421
"D:/Gamejam/Gamejam2020/Content/Assets/SimpleSpace/Meshes/Props/SM_Prop_Fueltank_01.uasset" 422
"D:/Gamejam/Gamejam2020/Content/Assets/SimpleSpace/Meshes/Props/SM_Prop_ModelRocket_Launcher_01.uasset" 423
"D:/Gamejam/Gamejam2020/Content/Assets/SimpleSpace/Meshes/Props/SM_Prop_OceanLandingPlatform_01.uasset" 424
"D:/Gamejam/Gamejam2020/Content/Assets/SimpleSpace/Meshes/Props/SM_Prop_Pipes_Corner_01.uasset" 425
"D:/Gamejam/Gamejam2020/Content/Assets/SimpleSpace/Meshes/Props/SM_Prop_Slope_01.uasset" 426
"D:/Gamejam/Gamejam2020/Content/Assets/SimpleSpace/Meshes/Props/SM_Prop_SolarPanel_01.uasset" 427
"D:/Gamejam/Gamejam2020/Content/Assets/SimpleSpace/Meshes/Props/SM_Prop_WireFence_01.uasset" 428
"D:/Gamejam/Gamejam2020/Content/Assets/SimpleSpace/Meshes/Props/SM_Prop_WireFence_02.uasset" 429
"D:/Gamejam/Gamejam2020/Content/Assets/SimpleSpace/Meshes/Rigged_Vehicles/SK_Veh_Truck_01_PhysicsAsset.uasset" 430
"D:/Gamejam/Gamejam2020/Content/Assets/SimpleSpace/Meshes/Rigged_Vehicles/SK_Veh_Truck_01_Skeleton.uasset" 431
"D:/Gamejam/Gamejam2020/Content/Assets/SimpleSpace/Meshes/Rigged_Vehicles/SK_Veh_Truck_01.uasset" 432
"D:/Gamejam/Gamejam2020/Content/Assets/SimpleSpace/Meshes/Vehicles/SM_Veh_Landear_01.uasset" 433
"D:/Gamejam/Gamejam2020/Content/Assets/SimpleSpace/Meshes/Vehicles/SM_Veh_Lander_Top_01.uasset" 434
"D:/Gamejam/Gamejam2020/Content/Assets/SimpleSpace/Meshes/Vehicles/SM_Veh_LandingPod_01.uasset" 435
"D:/Gamejam/Gamejam2020/Content/Assets/SimpleSpace/Meshes/Vehicles/SM_Veh_Rocket_USA_01.uasset" 436
"D:/Gamejam/Gamejam2020/Content/Assets/SimpleSpace/Meshes/Vehicles/SM_Veh_Shuttle_Fueltank_01.uasset" 437
"D:/Gamejam/Gamejam2020/Content/Assets/SimpleSpace/Meshes/Vehicles/SM_Veh_Thruster_03.uasset" 438
"D:/Gamejam/Gamejam2020/Content/Assets/SimpleSpace/Maps/Demonstration.umap" 439
"D:/Gamejam/Gamejam2020/Content/Assets/SimpleSpace/Materials/Mat_Glow.uasset" 440
"D:/Gamejam/Gamejam2020/Content/Assets/SimpleSpace/Meshes/Environments/SM_Env_Meteor_01.uasset" 441
"D:/Gamejam/Gamejam2020/Content/Assets/SimpleSpace/Meshes/Environments/SM_Env_Scale_Earth_01.uasset" 442
"D:/Gamejam/Gamejam2020/Content/Assets/SimpleSpace/Meshes/Environments/SM_Env_Scale_Mercury_01.uasset" 443
"D:/Gamejam/Gamejam2020/Content/Assets/SimpleSpace/Meshes/Environments/SM_Env_Scale_Saturn_01.uasset" 444
"D:/Gamejam/Gamejam2020/Content/Assets/SimpleSpace/Meshes/Environments/SM_Env_Scale_Sun.uasset" 445
"D:/Gamejam/Gamejam2020/Content/Assets/SimpleSpace/Meshes/Vehicles/SM_Veh_Satellite_02.uasset" 446
"D:/Gamejam/Gamejam2020/Content/Assets/SimpleSpace/Meshes/Vehicles/SM_Veh_Satellite_03.uasset" 447
"D:/Gamejam/Gamejam2020/Content/Assets/SimpleSpace/Meshes/Vehicles/SM_Veh_Satellite_04.uasset" 448
"D:/Gamejam/Gamejam2020/Content/Assets/SimpleSpace/Meshes/Vehicles/SM_Veh_Satellite_05.uasset" 449
"D:/Gamejam/Gamejam2020/Content/Assets/SimpleSpace/Meshes/Vehicles/SM_Veh_Satellite_07.uasset" 450
"D:/Gamejam/Gamejam2020/Content/Assets/SimpleSpace/Meshes/Vehicles/SM_Veh_SpaceStation_01.uasset" 451
"D:/Gamejam/Gamejam2020/Content/Assets/SimpleSpace/Maps/Demonstration_OuterSpace.umap" 452
"../../../Engine/Content/BasicShapes/BasicShapeMaterial.uasset" 453
"../../../Engine/Content/BasicShapes/Cube.uasset" 454
"D:/Gamejam/Gamejam2020/Content/Assets/SimpleSpace/Meshes/Buildings/SM_Bld_ShuttleLaunchPad_01.uasset" 455
"D:/Gamejam/Gamejam2020/Content/Assets/SimpleSpace/Meshes/Buildings/SM_Bld_ShuttleLaunchPad_03.uasset" 456
"D:/Gamejam/Gamejam2020/Content/Assets/SimpleSpace/Meshes/Environments/SM_Env_Crater_01.uasset" 457
"D:/Gamejam/Gamejam2020/Content/Assets/SimpleSpace/Meshes/Environments/SM_Env_Crater_04.uasset" 458
"D:/Gamejam/Gamejam2020/Content/Assets/SimpleSpace/Meshes/Environments/SM_Env_Meteor_02.uasset" 459
"D:/Gamejam/Gamejam2020/Content/Assets/SimpleSpace/Meshes/Environments/SM_Env_Meteor_03.uasset" 460
"D:/Gamejam/Gamejam2020/Content/Assets/SimpleSpace/Meshes/Environments/SM_Env_Rocks_01.uasset" 461
"D:/Gamejam/Gamejam2020/Content/Assets/SimpleSpace/Meshes/Environments/SM_Env_Rocks_02.uasset" 462
"D:/Gamejam/Gamejam2020/Content/Assets/SimpleSpace/Meshes/Environments/SM_Env_Rocks_04.uasset" 463
"D:/Gamejam/Gamejam2020/Content/Assets/SimpleSpace/Meshes/Environments/SM_Env_Scale_Jupiter_01.uasset" 464
"D:/Gamejam/Gamejam2020/Content/Assets/SimpleSpace/Meshes/Environments/SM_Env_Scale_Mars_01.uasset" 465
"D:/Gamejam/Gamejam2020/Content/Assets/SimpleSpace/Meshes/Environments/SM_Env_Scale_Moon_01.uasset" 466
"D:/Gamejam/Gamejam2020/Content/Assets/SimpleSpace/Meshes/Environments/SM_Env_Scale_Neptune_01.uasset" 467
"D:/Gamejam/Gamejam2020/Content/Assets/SimpleSpace/Meshes/Environments/SM_Env_Scale_Pluto_01.uasset" 468
"D:/Gamejam/Gamejam2020/Content/Assets/SimpleSpace/Meshes/Environments/SM_Env_Scale_Uranus_01.uasset" 469
"D:/Gamejam/Gamejam2020/Content/Assets/SimpleSpace/Meshes/Environments/SM_Env_Scale_Venus_01.uasset" 470
"D:/Gamejam/Gamejam2020/Content/Assets/SimpleSpace/Meshes/Props/SM_Prop_SolarPanel_02.uasset" 471
"D:/Gamejam/Gamejam2020/Content/Assets/SimpleSpace/Meshes/Vehicles/SM_Veh_LandingPod_Parachute_01.uasset" 472
"D:/Gamejam/Gamejam2020/Content/Assets/SimpleSpace/Meshes/Vehicles/SM_Veh_LandingPod_Water_01.uasset" 473
"D:/Gamejam/Gamejam2020/Content/Assets/SimpleSpace/Meshes/Vehicles/SM_Veh_LifeRaft_01.uasset" 474
"D:/Gamejam/Gamejam2020/Content/Assets/SimpleSpace/Meshes/Vehicles/SM_Veh_Missle_01.uasset" 475
"D:/Gamejam/Gamejam2020/Content/Assets/SimpleSpace/Meshes/Vehicles/SM_Veh_ModelRocket_01.uasset" 476
"D:/Gamejam/Gamejam2020/Content/Assets/SimpleSpace/Meshes/Vehicles/SM_Veh_Rocket_Japan_01.uasset" 477
"D:/Gamejam/Gamejam2020/Content/Assets/SimpleSpace/Meshes/Vehicles/SM_Veh_Rocket_Large_Pod_01.uasset" 478
"D:/Gamejam/Gamejam2020/Content/Assets/SimpleSpace/Meshes/Vehicles/SM_Veh_Rocket_Large_Stage_01.uasset" 479
"D:/Gamejam/Gamejam2020/Content/Assets/SimpleSpace/Meshes/Vehicles/SM_Veh_Rocket_Large_Stage_02.uasset" 480
"D:/Gamejam/Gamejam2020/Content/Assets/SimpleSpace/Meshes/Vehicles/SM_Veh_Rocket_USA_02.uasset" 481
"D:/Gamejam/Gamejam2020/Content/Assets/SimpleSpace/Meshes/Vehicles/SM_Veh_Rocket_USA_03.uasset" 482
"D:/Gamejam/Gamejam2020/Content/Assets/SimpleSpace/Meshes/Vehicles/SM_Veh_Rocket_USSR_01.uasset" 483
"D:/Gamejam/Gamejam2020/Content/Assets/SimpleSpace/Meshes/Vehicles/SM_Veh_Rocket_USSR_02.uasset" 484
"D:/Gamejam/Gamejam2020/Content/Assets/SimpleSpace/Meshes/Vehicles/SM_Veh_Satellite_01.uasset" 485
"D:/Gamejam/Gamejam2020/Content/Assets/SimpleSpace/Meshes/Vehicles/SM_Veh_Satellite_06.uasset" 486
"D:/Gamejam/Gamejam2020/Content/Assets/SimpleSpace/Meshes/Vehicles/SM_Veh_Thruster_01.uasset" 487
"D:/Gamejam/Gamejam2020/Content/Assets/SimpleSpace/Meshes/Vehicles/SM_Veh_Thruster_02.uasset" 488
"D:/Gamejam/Gamejam2020/Content/Assets/SimpleSpace/Maps/Overview.umap" 489
"D:/Gamejam/Gamejam2020/Content/SimpleSpace/Maps/Demonstration.umap" 490
"D:/Gamejam/Gamejam2020/Content/StarterContent/Blueprints/Assets/FogBrightnessLUT.uasset" 491
"D:/Gamejam/Gamejam2020/Content/StarterContent/Blueprints/Assets/SunlightColorLUT.uasset" 492
"D:/Gamejam/Gamejam2020/Content/StarterContent/Blueprints/Assets/M_LightStage_Arrows.uasset" 493
"../../../Engine/Content/MapTemplates/Sky/DaylightAmbientCubemap.uasset" 494
"D:/Gamejam/Gamejam2020/Content/StarterContent/Blueprints/Assets/M_LightStage_Skybox_Master.uasset" 495
"D:/Gamejam/Gamejam2020/Content/StarterContent/Blueprints/Assets/M_LightStage_Skybox_Black.uasset" 496
"D:/Gamejam/Gamejam2020/Content/StarterContent/Blueprints/Assets/M_LightStage_Skybox_HDRI.uasset" 497
"../../../Engine/Content/EditorMaterials/Thumbnails/SkySphereMaterial.uasset" 498
"D:/Gamejam/Gamejam2020/Content/StarterContent/Blueprints/Assets/Skybox.uasset" 499
"D:/Gamejam/Gamejam2020/Content/StarterContent/Blueprints/Assets/SM_Arrows.uasset" 500
"D:/Gamejam/Gamejam2020/Content/StarterContent/HDRI/HDRI_Epic_Courtyard_Daylight.uasset" 501
"D:/Gamejam/Gamejam2020/Content/StarterContent/Blueprints/BP_LightStudio.uasset" 502
"D:/Gamejam/Gamejam2020/Content/StarterContent/Maps/Advanced_Lighting_BuiltData.uasset" 503
"D:/Gamejam/Gamejam2020/Content/StarterContent/Materials/M_AssetPlatform.uasset" 504
"../../../Engine/Content/EditorMeshes/ColorCalibrator/M_ChromeBall.uasset" 505
"../../../Engine/Content/EditorMeshes/ColorCalibrator/M_ClearCoat.uasset" 506
"../../../Engine/Content/EditorMeshes/ColorCalibrator/M_ClearCoatBlack.uasset" 507
"../../../Engine/Content/EditorMeshes/ColorCalibrator/Color_checker.uasset" 508
"../../../Engine/Content/EditorMeshes/ColorCalibrator/M_ColorGrid.uasset" 509
"../../../Engine/Content/EditorMeshes/ColorCalibrator/M_GreyBall.uasset" 510
"../../../Engine/Content/EditorMeshes/ColorCalibrator/SM_ColorCalibrator.uasset" 511
"D:/Gamejam/Gamejam2020/Content/StarterContent/Architecture/SM_AssetPlatform.uasset" 512
"D:/Gamejam/Gamejam2020/Content/StarterContent/Maps/Advanced_Lighting.umap" 513
"D:/Gamejam/Gamejam2020/Content/StarterContent/Maps/Minimal_Default_BuiltData.uasset" 514
"D:/Gamejam/Gamejam2020/Content/StarterContent/Textures/T_MacroVariation.uasset" 515
"D:/Gamejam/Gamejam2020/Content/StarterContent/Materials/M_Metal_Brushed_Nickel.uasset" 516
"D:/Gamejam/Gamejam2020/Content/StarterContent/Textures/T_Metal_Aluminum_D.uasset" 517
"D:/Gamejam/Gamejam2020/Content/StarterContent/Textures/T_Metal_Gold_N.uasset" 518
"D:/Gamejam/Gamejam2020/Content/StarterContent/Materials/M_Metal_Burnished_Steel.uasset" 519
"D:/Gamejam/Gamejam2020/Content/StarterContent/Textures/T_Metal_Copper_D.uasset" 520
"D:/Gamejam/Gamejam2020/Content/StarterContent/Materials/M_Metal_Copper.uasset" 521
"D:/Gamejam/Gamejam2020/Content/StarterContent/Textures/T_Statue_M.uasset" 522
"D:/Gamejam/Gamejam2020/Content/StarterContent/Textures/T_Statue_N.uasset" 523
"D:/Gamejam/Gamejam2020/Content/StarterContent/Props/Materials/M_StatueGlass.uasset" 524
"D:/Gamejam/Gamejam2020/Content/StarterContent/Architecture/Floor_400x400.uasset" 525
"D:/Gamejam/Gamejam2020/Content/StarterContent/Audio/Starter_Background_Cue.uasset" 526
"D:/Gamejam/Gamejam2020/Content/StarterContent/Props/SM_Chair.uasset" 527
"D:/Gamejam/Gamejam2020/Content/StarterContent/Props/Materials/M_Statue.uasset" 528
"D:/Gamejam/Gamejam2020/Content/StarterContent/Props/SM_Statue.uasset" 529
"D:/Gamejam/Gamejam2020/Content/StarterContent/Textures/T_TableRound_M.uasset" 530
"D:/Gamejam/Gamejam2020/Content/StarterContent/Textures/T_TableRound_N.uasset" 531
"D:/Gamejam/Gamejam2020/Content/StarterContent/Props/Materials/M_TableRound.uasset" 532
"D:/Gamejam/Gamejam2020/Content/StarterContent/Props/SM_TableRound.uasset" 533
"D:/Gamejam/Gamejam2020/Content/StarterContent/Maps/Minimal_Default.umap" 534
"D:/Gamejam/Gamejam2020/Content/StarterContent/Audio/Fire01_Cue.uasset" 535
"D:/Gamejam/Gamejam2020/Content/StarterContent/Textures/T_Fire_SubUV.uasset" 536
"D:/Gamejam/Gamejam2020/Content/StarterContent/Textures/T_Fire_Tiled_D.uasset" 537
"D:/Gamejam/Gamejam2020/Content/StarterContent/Particles/Materials/M_Fire_SubUV.uasset" 538
"D:/Gamejam/Gamejam2020/Content/StarterContent/Textures/T_Water_N.uasset" 539
"D:/Gamejam/Gamejam2020/Content/StarterContent/Particles/Materials/M_Heat_Distortion.uasset" 540
"D:/Gamejam/Gamejam2020/Content/StarterContent/Particles/Materials/M_Radial_Gradient.uasset" 541
"D:/Gamejam/Gamejam2020/Content/StarterContent/Particles/P_Fire.uasset" 542
"D:/Gamejam/Gamejam2020/Content/StarterContent/Blueprints/Blueprint_Effect_Fire.uasset" 543
"D:/Gamejam/Gamejam2020/Content/StarterContent/Audio/Smoke01_Cue.uasset" 544
"D:/Gamejam/Gamejam2020/Content/StarterContent/Particles/P_Smoke.uasset" 545
"D:/Gamejam/Gamejam2020/Content/StarterContent/Blueprints/Blueprint_Effect_Smoke.uasset" 546
"D:/Gamejam/Gamejam2020/Content/StarterContent/Audio/Fire_Sparks01_Cue.uasset" 547
"D:/Gamejam/Gamejam2020/Content/StarterContent/Textures/T_Spark_Core.uasset" 548
"D:/Gamejam/Gamejam2020/Content/StarterContent/Particles/Materials/M_Spark.uasset" 549
"D:/Gamejam/Gamejam2020/Content/StarterContent/Particles/P_Sparks.uasset" 550
"D:/Gamejam/Gamejam2020/Content/StarterContent/Blueprints/Blueprint_Effect_Sparks.uasset" 551
"D:/Gamejam/Gamejam2020/Content/StarterContent/Audio/Steam01_Cue.uasset" 552
"D:/Gamejam/Gamejam2020/Content/StarterContent/Particles/P_Steam_Lit.uasset" 553
"D:/Gamejam/Gamejam2020/Content/StarterContent/Blueprints/Blueprint_Effect_Steam.uasset" 554
"D:/Gamejam/Gamejam2020/Content/StarterContent/Textures/T_Lamp_M.uasset" 555
"D:/Gamejam/Gamejam2020/Content/StarterContent/Textures/T_Lamp_N.uasset" 556
"D:/Gamejam/Gamejam2020/Content/StarterContent/Props/Materials/M_Lamp.uasset" 557
"D:/Gamejam/Gamejam2020/Content/StarterContent/Props/SM_Lamp_Ceiling.uasset" 558
"D:/Gamejam/Gamejam2020/Content/StarterContent/Blueprints/Blueprint_CeilingLight.uasset" 559
"D:/Gamejam/Gamejam2020/Content/StarterContent/Props/SM_Lamp_Wall.uasset" 560
"D:/Gamejam/Gamejam2020/Content/StarterContent/Blueprints/Blueprint_WallSconce.uasset" 561
"D:/Gamejam/Gamejam2020/Content/StarterContent/Maps/StarterMap_BuiltData.uasset" 562
"../../../Engine/Content/Functions/Engine_MaterialFunctions03/Procedurals/ComputeFilterWidth.uasset" 563
"../../../Engine/Content/EngineMaterials/AntiAliasedTextMaterialTranslucent.uasset" 564
"D:/Gamejam/Gamejam2020/Content/StarterContent/Textures/T_Brick_Clay_Beveled_D.uasset" 565
"D:/Gamejam/Gamejam2020/Content/StarterContent/Textures/T_Brick_Clay_Beveled_M.uasset" 566
"D:/Gamejam/Gamejam2020/Content/StarterContent/Textures/T_Brick_Clay_Beveled_N.uasset" 567
"D:/Gamejam/Gamejam2020/Content/StarterContent/Materials/M_Brick_Clay_Beveled.uasset" 568
"D:/Gamejam/Gamejam2020/Content/StarterContent/Textures/T_Brick_Clay_New_D.uasset" 569
"D:/Gamejam/Gamejam2020/Content/StarterContent/Textures/T_Brick_Clay_New_M.uasset" 570
"D:/Gamejam/Gamejam2020/Content/StarterContent/Textures/T_Brick_Clay_New_N.uasset" 571
"D:/Gamejam/Gamejam2020/Content/StarterContent/Materials/M_Brick_Clay_New.uasset" 572
"D:/Gamejam/Gamejam2020/Content/StarterContent/Textures/T_Brick_Clay_Old_D.uasset" 573
"D:/Gamejam/Gamejam2020/Content/StarterContent/Textures/T_Brick_Clay_Old_N.uasset" 574
"D:/Gamejam/Gamejam2020/Content/StarterContent/Textures/T_Perlin_Noise_M.uasset" 575
"D:/Gamejam/Gamejam2020/Content/StarterContent/Materials/M_Brick_Clay_Old.uasset" 576
"D:/Gamejam/Gamejam2020/Content/StarterContent/Textures/T_Brick_Cut_Stone_D.uasset" 577
"D:/Gamejam/Gamejam2020/Content/StarterContent/Textures/T_Brick_Cut_Stone_N.uasset" 578
"D:/Gamejam/Gamejam2020/Content/StarterContent/Materials/M_Brick_Cut_Stone.uasset" 579
"D:/Gamejam/Gamejam2020/Content/StarterContent/Textures/T_Brick_Hewn_Stone_D.uasset" 580
"D:/Gamejam/Gamejam2020/Content/StarterContent/Textures/T_Brick_Hewn_Stone_M.uasset" 581
"D:/Gamejam/Gamejam2020/Content/StarterContent/Textures/T_Brick_Hewn_Stone_N.uasset" 582
"D:/Gamejam/Gamejam2020/Content/StarterContent/Materials/M_Brick_Hewn_Stone.uasset" 583
"D:/Gamejam/Gamejam2020/Content/StarterContent/Textures/T_Ceramic_Tile_M.uasset" 584
"D:/Gamejam/Gamejam2020/Content/StarterContent/Textures/T_Ceramic_Tile_N.uasset" 585
"D:/Gamejam/Gamejam2020/Content/StarterContent/Textures/T_Rock_Marble_Polished_D.uasset" 586
"D:/Gamejam/Gamejam2020/Content/StarterContent/Materials/M_Ceramic_Tile_Checker.uasset" 587
"D:/Gamejam/Gamejam2020/Content/StarterContent/Textures/T_CobbleStone_Pebble_D.uasset" 588
"D:/Gamejam/Gamejam2020/Content/StarterContent/Textures/T_CobbleStone_Pebble_M.uasset" 589
"D:/Gamejam/Gamejam2020/Content/StarterContent/Textures/T_CobbleStone_Pebble_N.uasset" 590
"D:/Gamejam/Gamejam2020/Content/StarterContent/Materials/M_CobbleStone_Pebble.uasset" 591
"D:/Gamejam/Gamejam2020/Content/StarterContent/Textures/T_CobbleStone_Rough_D.uasset" 592
"D:/Gamejam/Gamejam2020/Content/StarterContent/Textures/T_CobbleStone_Rough_N.uasset" 593
"D:/Gamejam/Gamejam2020/Content/StarterContent/Textures/T_Gradinet_01.uasset" 594
"D:/Gamejam/Gamejam2020/Content/StarterContent/Textures/T_Rock_Smooth_Granite_D.uasset" 595
"D:/Gamejam/Gamejam2020/Content/StarterContent/Materials/M_CobbleStone_Rough.uasset" 596
"D:/Gamejam/Gamejam2020/Content/StarterContent/Textures/T_CobbleStone_Smooth_D.uasset" 597
"D:/Gamejam/Gamejam2020/Content/StarterContent/Textures/T_CobbleStone_Smooth_M.uasset" 598
"D:/Gamejam/Gamejam2020/Content/StarterContent/Textures/T_CobbleStone_Smooth_N.uasset" 599
"D:/Gamejam/Gamejam2020/Content/StarterContent/Materials/M_CobbleStone_Smooth.uasset" 600
"D:/Gamejam/Gamejam2020/Content/StarterContent/Textures/T_Concrete_Grime_D.uasset" 601
"D:/Gamejam/Gamejam2020/Content/StarterContent/Textures/T_Metal_Rust_N.uasset" 602
"D:/Gamejam/Gamejam2020/Content/StarterContent/Materials/M_Concrete_Grime.uasset" 603
"D:/Gamejam/Gamejam2020/Content/StarterContent/Textures/T_Concrete_Panels_D.uasset" 604
"D:/Gamejam/Gamejam2020/Content/StarterContent/Textures/T_Concrete_Panels_N.uasset" 605
"D:/Gamejam/Gamejam2020/Content/StarterContent/Materials/M_Concrete_Panels.uasset" 606
"D:/Gamejam/Gamejam2020/Content/StarterContent/Textures/T_Concrete_Poured_D.uasset" 607
"D:/Gamejam/Gamejam2020/Content/StarterContent/Textures/T_Concrete_Poured_N.uasset" 608
"D:/Gamejam/Gamejam2020/Content/StarterContent/Materials/M_Concrete_Poured.uasset" 609
"D:/Gamejam/Gamejam2020/Content/StarterContent/Textures/T_Concrete_Tiles_D.uasset" 610
"D:/Gamejam/Gamejam2020/Content/StarterContent/Textures/T_Concrete_Tiles_M.uasset" 611
"D:/Gamejam/Gamejam2020/Content/StarterContent/Textures/T_Concrete_Tiles_N.uasset" 612
"D:/Gamejam/Gamejam2020/Content/StarterContent/Textures/T_Concrete_Tiles_Variation_M.uasset" 613
"D:/Gamejam/Gamejam2020/Content/StarterContent/Materials/M_Concrete_Tiles.uasset" 614
"D:/Gamejam/Gamejam2020/Content/StarterContent/Textures/T_Ground_Grass_D.uasset" 615
"D:/Gamejam/Gamejam2020/Content/StarterContent/Textures/T_Ground_Grass_N.uasset" 616
"D:/Gamejam/Gamejam2020/Content/StarterContent/Materials/M_Ground_Grass.uasset" 617
"D:/Gamejam/Gamejam2020/Content/StarterContent/Textures/T_Ground_Gravel_D.uasset" 618
"D:/Gamejam/Gamejam2020/Content/StarterContent/Textures/T_Ground_Gravel_N.uasset" 619
"D:/Gamejam/Gamejam2020/Content/StarterContent/Materials/M_Ground_Gravel.uasset" 620
"D:/Gamejam/Gamejam2020/Content/StarterContent/Textures/T_ground_Moss_D.uasset" 621
"D:/Gamejam/Gamejam2020/Content/StarterContent/Textures/T_Ground_Moss_N.uasset" 622
"D:/Gamejam/Gamejam2020/Content/StarterContent/Materials/M_Ground_Moss.uasset" 623
"D:/Gamejam/Gamejam2020/Content/StarterContent/Materials/M_Metal_Chrome.uasset" 624
"D:/Gamejam/Gamejam2020/Content/StarterContent/Textures/T_Metal_Gold_D.uasset" 625
"D:/Gamejam/Gamejam2020/Content/StarterContent/Materials/M_Metal_Gold.uasset" 626
"D:/Gamejam/Gamejam2020/Content/StarterContent/Textures/T_Metal_Rust_D.uasset" 627
"D:/Gamejam/Gamejam2020/Content/StarterContent/Materials/M_Metal_Rust.uasset" 628
"D:/Gamejam/Gamejam2020/Content/StarterContent/Textures/T_Metal_Steel_D.uasset" 629
"D:/Gamejam/Gamejam2020/Content/StarterContent/Textures/T_Metal_Steel_N.uasset" 630
"D:/Gamejam/Gamejam2020/Content/StarterContent/Materials/M_Metal_Steel.uasset" 631
"D:/Gamejam/Gamejam2020/Content/StarterContent/Textures/T_Rock_Basalt_N.uasset" 632
"D:/Gamejam/Gamejam2020/Content/StarterContent/Materials/M_Rock_Basalt.uasset" 633
"D:/Gamejam/Gamejam2020/Content/StarterContent/Materials/M_Rock_Marble_Polished.uasset" 634
"D:/Gamejam/Gamejam2020/Content/StarterContent/Textures/T_Rock_Sandstone_D.uasset" 635
"D:/Gamejam/Gamejam2020/Content/StarterContent/Textures/T_Rock_Sandstone_N.uasset" 636
"D:/Gamejam/Gamejam2020/Content/StarterContent/Materials/M_Rock_Sandstone.uasset" 637
"D:/Gamejam/Gamejam2020/Content/StarterContent/Textures/T_Rock_Slate_D.uasset" 638
"D:/Gamejam/Gamejam2020/Content/StarterContent/Textures/T_Rock_Slate_N.uasset" 639
"D:/Gamejam/Gamejam2020/Content/StarterContent/Materials/M_Rock_Slate.uasset" 640
"D:/Gamejam/Gamejam2020/Content/StarterContent/Textures/T_Checker_Noise_M.uasset" 641
"D:/Gamejam/Gamejam2020/Content/StarterContent/Textures/T_Single_Tile_N.uasset" 642
"D:/Gamejam/Gamejam2020/Content/StarterContent/Textures/T_Tech_Dot_M.uasset" 643
"D:/Gamejam/Gamejam2020/Content/StarterContent/Textures/T_Tech_Dot_N.uasset" 644
"D:/Gamejam/Gamejam2020/Content/StarterContent/Materials/M_Tech_Checker_Dot.uasset" 645
"D:/Gamejam/Gamejam2020/Content/StarterContent/Textures/T_Tech_Hex_Tile_M.uasset" 646
"D:/Gamejam/Gamejam2020/Content/StarterContent/Textures/T_Tech_Hex_Tile_N.uasset" 647
"D:/Gamejam/Gamejam2020/Content/StarterContent/Materials/M_Tech_Hex_Tile.uasset" 648
"D:/Gamejam/Gamejam2020/Content/StarterContent/Materials/M_Tech_Hex_Tile_Pulse.uasset" 649
"D:/Gamejam/Gamejam2020/Content/StarterContent/Textures/T_Tech_Panel_M.uasset" 650
"D:/Gamejam/Gamejam2020/Content/StarterContent/Textures/T_Tech_Panel_N.uasset" 651
"D:/Gamejam/Gamejam2020/Content/StarterContent/Materials/M_Tech_Panel.uasset" 652
"D:/Gamejam/Gamejam2020/Content/StarterContent/Materials/M_Water_Lake.uasset" 653
"D:/Gamejam/Gamejam2020/Content/StarterContent/Textures/T_Water_M.uasset" 654
"D:/Gamejam/Gamejam2020/Content/StarterContent/Materials/M_Water_Ocean.uasset" 655
"D:/Gamejam/Gamejam2020/Content/StarterContent/Textures/T_Wood_Floor_Walnut_D.uasset" 656
"D:/Gamejam/Gamejam2020/Content/StarterContent/Textures/T_Wood_Floor_Walnut_M.uasset" 657
"D:/Gamejam/Gamejam2020/Content/StarterContent/Textures/T_Wood_Floor_Walnut_N.uasset" 658
"D:/Gamejam/Gamejam2020/Content/StarterContent/Materials/M_Wood_Floor_Walnut_Polished.uasset" 659
"../../../Engine/Content/Functions/Engine_MaterialFunctions01/Opacity/AlphaOffset.uasset" 660
"D:/Gamejam/Gamejam2020/Content/StarterContent/Materials/M_Wood_Floor_Walnut_Worn.uasset" 661
"D:/Gamejam/Gamejam2020/Content/StarterContent/Textures/T_Wood_Oak_D.uasset" 662
"D:/Gamejam/Gamejam2020/Content/StarterContent/Textures/T_Wood_Oak_N.uasset" 663
"D:/Gamejam/Gamejam2020/Content/StarterContent/Materials/M_Wood_Oak.uasset" 664
"D:/Gamejam/Gamejam2020/Content/StarterContent/Textures/T_Wood_Pine_D.uasset" 665
"D:/Gamejam/Gamejam2020/Content/StarterContent/Textures/T_Wood_Pine_N.uasset" 666
"D:/Gamejam/Gamejam2020/Content/StarterContent/Materials/M_Wood_Pine.uasset" 667
"D:/Gamejam/Gamejam2020/Content/StarterContent/Textures/T_Wood_Walnut_D.uasset" 668
"D:/Gamejam/Gamejam2020/Content/StarterContent/Textures/T_Wood_Walnut_N.uasset" 669
"D:/Gamejam/Gamejam2020/Content/StarterContent/Materials/M_Wood_Walnut.uasset" 670
"D:/Gamejam/Gamejam2020/Content/StarterContent/Architecture/Wall_400x200.uasset" 671
"D:/Gamejam/Gamejam2020/Content/StarterContent/Architecture/Wall_Door_400x300.uasset" 672
"D:/Gamejam/Gamejam2020/Content/StarterContent/Architecture/Wall_Window_400x300.uasset" 673
"D:/Gamejam/Gamejam2020/Content/StarterContent/Audio/Collapse_Cue.uasset" 674
"D:/Gamejam/Gamejam2020/Content/StarterContent/Audio/Starter_Music_Cue.uasset" 675
"D:/Gamejam/Gamejam2020/Content/StarterContent/Textures/T_Dust_Particle_D.uasset" 676
"D:/Gamejam/Gamejam2020/Content/StarterContent/Particles/Materials/M_Dust_Particle.uasset" 677
"D:/Gamejam/Gamejam2020/Content/StarterContent/Particles/P_Ambient_Dust.uasset" 678
"D:/Gamejam/Gamejam2020/Content/StarterContent/Props/MaterialSphere.uasset" 679
"D:/Gamejam/Gamejam2020/Content/StarterContent/Textures/T_Frame_M.uasset" 680
"D:/Gamejam/Gamejam2020/Content/StarterContent/Textures/T_Frame_N.uasset" 681
"D:/Gamejam/Gamejam2020/Content/StarterContent/Props/Materials/M_Frame.uasset" 682
"D:/Gamejam/Gamejam2020/Content/StarterContent/Props/SM_CornerFrame.uasset" 683
"D:/Gamejam/Gamejam2020/Content/StarterContent/Props/SM_DoorFrame.uasset" 684
"D:/Gamejam/Gamejam2020/Content/StarterContent/Props/SM_GlassWindow.uasset" 685
"D:/Gamejam/Gamejam2020/Content/StarterContent/Props/SM_PillarFrame.uasset" 686
"D:/Gamejam/Gamejam2020/Content/StarterContent/Props/SM_PillarFrame300.uasset" 687
"D:/Gamejam/Gamejam2020/Content/StarterContent/Props/SM_WindowFrame.uasset" 688
"D:/Gamejam/Gamejam2020/Content/StarterContent/Shapes/Shape_Cube.uasset" 689
"D:/Gamejam/Gamejam2020/Content/StarterContent/Shapes/Shape_QuadPyramid.uasset" 690
"D:/Gamejam/Gamejam2020/Content/StarterContent/Shapes/Shape_Sphere.uasset" 691
"D:/Gamejam/Gamejam2020/Content/StarterContent/Maps/StarterMap.umap" 692
"D:/Gamejam/Gamejam2020/Content/VirtualRealityBP/Blueprints/HMDLocomotionPawn.uasset" 693
"D:/Gamejam/Gamejam2020/Content/VirtualRealityBP/Maps/HMDLocomotionMap_BuiltData.uasset" 694
"D:/Gamejam/Gamejam2020/Content/VirtualReality/Materials/M_BaseMaterial.uasset" 695
"D:/Gamejam/Gamejam2020/Content/VirtualReality/Materials/MI_BaseMaterial2.uasset" 696
"D:/Gamejam/Gamejam2020/Content/VirtualReality/Materials/MI_BaseMaterial3.uasset" 697
"D:/Gamejam/Gamejam2020/Content/Geometry/Meshes/1M_Cube.uasset" 698
"D:/Gamejam/Gamejam2020/Content/VirtualRealityBP/Maps/HMDLocomotionMap.umap" 699
"D:/Gamejam/Gamejam2020/Content/VirtualReality/Materials/MI_SmallCubes.uasset" 700
"D:/Gamejam/Gamejam2020/Content/VirtualRealityBP/Blueprints/BP_PickupCube.uasset" 701
"D:/Gamejam/Gamejam2020/Content/VirtualRealityBP/Blueprints/MotionControllerPawn.uasset" 702
"D:/Gamejam/Gamejam2020/Content/VirtualRealityBP/Maps/MotionControllerMap_BuiltData.uasset" 703
"../../../Engine/Content/BasicShapes/Cone.uasset" 704
"D:/Gamejam/Gamejam2020/Content/VirtualRealityBP/Maps/MotionControllerMap.umap" 705
"D:/Gamejam/Gamejam2020/Content/VirtualRealityBP/Maps/StartupMap_BuiltData.uasset" 706
"D:/Gamejam/Gamejam2020/Content/VirtualReality/Materials/GenericHMDMaterial.uasset" 707
"D:/Gamejam/Gamejam2020/Content/VirtualReality/Meshes/GenericHMD.uasset" 708
"D:/Gamejam/Gamejam2020/Content/VirtualRealityBP/Maps/StartupMap.umap" 709
"../../../Engine/Content/Maps/Entry_BuiltData.uasset" 710
"../../../Engine/Content/Maps/Entry.umap" 711
